<?xml version="1.0" encoding="UTF-8"?>
<testng-results ignored="0" total="1" passed="1" failed="0" skipped="0">
  <reporter-output>
  </reporter-output>
  <suite started-at="2024-06-24T14:48:21Z" name="Suite" finished-at="2024-06-24T14:50:25Z" duration-ms="124428">
    <groups>
    </groups>
    <test started-at="2024-06-24T14:48:21Z" name="Test" finished-at="2024-06-24T14:50:25Z" duration-ms="124428">
      <class name="tests.Cart_Test">
        <test-method is-config="true" signature="OpensBrowser()[pri:0, instance:tests.Cart_Test@53251a66]" started-at="2024-06-24T20:18:21Z" name="OpensBrowser" finished-at="2024-06-24T20:19:27Z" duration-ms="66259" status="PASS">
          <reporter-output>
          </reporter-output>
        </test-method> <!-- OpensBrowser -->
        <test-method signature="CartTest()[pri:0, instance:tests.Cart_Test@53251a66]" started-at="2024-06-24T20:19:27Z" name="CartTest" finished-at="2024-06-24T20:20:14Z" duration-ms="46404" status="PASS">
          <reporter-output>
          </reporter-output>
        </test-method> <!-- CartTest -->
        <test-method is-config="true" signature="tearDown()[pri:0, instance:tests.Cart_Test@53251a66]" started-at="2024-06-24T20:20:14Z" name="tearDown" finished-at="2024-06-24T20:20:25Z" duration-ms="11710" status="PASS">
          <reporter-output>
          </reporter-output>
        </test-method> <!-- tearDown -->
      </class> <!-- tests.Cart_Test -->
    </test> <!-- Test -->
  </suite> <!-- Suite -->
</testng-results>
